labels -1 1
-1 0.999959 4.11464e-05
1 2.92825e-13 1
1 2.76515e-13 1
-1 1 1e-07
1 5.66246e-12 1
1 3e-14 1
1 3e-14 1
-1 0.996403 0.00359673
1 8.28355e-12 1
-1 1 1e-07
-1 0.999608 0.000392052
-1 1 1e-07
-1 0.974661 0.0253392
-1 0.999957 4.26034e-05
1 3e-14 1
1 8.08401e-10 1
1 3e-14 1
-1 1 1e-07
1 0.125299 0.874701
1 7.60897e-13 1
-1 0.999956 4.39362e-05
1 3e-14 1
1 3.32903e-13 1
-1 0.957492 0.0425078
1 3e-14 1
-1 1 1e-07
1 2.17444e-09 1
-1 0.815695 0.184305
1 1.02187e-10 1
1 1.35336e-12 1
1 4.93138e-13 1
-1 0.989883 0.0101174
1 0.0108153 0.989185
1 5.08918e-13 1
1 1.00442e-11 1
-1 0.949769 0.050231
1 1.00127e-08 1
1 5.53657e-09 1
1 7.41756e-06 0.999993
1 9.353e-12 1
1 2.56795e-08 1
-1 0.999913 8.68283e-05
1 3e-14 1
1 0.011911 0.988089
1 3e-14 1
1 3e-14 1
1 3e-14 1
1 3e-14 1
1 1.44319e-10 1
1 1.65004e-09 1
1 5.45861e-14 1
1 3e-14 1
1 1.57332e-13 1
1 3e-14 1
-1 1 1e-07
1 6.50318e-06 0.999993
1 2.10409e-10 1
1 3e-14 1
-1 0.987554 0.0124458
-1 1 1e-07
1 7.91727e-13 1
-1 0.995646 0.00435446
-1 0.562701 0.437299
-1 0.991088 0.00891194
1 0.00681613 0.993184
1 2.23223e-12 1
-1 0.999911 8.88077e-05
-1 1 1e-07
1 3e-14 1
-1 0.999987 1.32956e-05
-1 0.999839 0.000160617
1 0.0163207 0.983679
1 8.92937e-12 1
-1 0.988117 0.0118834
1 3e-14 1
-1 0.997661 0.00233943
1 3e-14 1
1 0.0175314 0.982469
1 2.15573e-12 1
-1 1 1e-07
-1 1 1e-07
1 3.51851e-12 1
1 3e-14 1
1 4.25408e-12 1
1 9.04953e-08 1
1 3e-14 1
1 3e-14 1
-1 0.973877 0.0261228
1 3.13449e-09 1
1 3e-14 1
1 1.40908e-13 1
1 1.02946e-07 1
1 3.07819e-10 1
-1 0.999839 0.000161086
-1 0.999363 0.000637208
-1 1 1e-07
-1 1 1e-07
1 0.110048 0.889952
1 9.10222e-09 1
1 3.43528e-10 1
1 3e-14 1
1 0.445232 0.554768
1 4.66972e-13 1
-1 0.995565 0.00443487
1 3e-14 1
1 1.08061e-07 1
1 3.57271e-14 1
-1 0.954958 0.045042
-1 1 1e-07
-1 0.987498 0.0125017
-1 0.999494 0.000505604
1 0.457567 0.542433
-1 0.999954 4.6185e-05
-1 0.999645 0.000354732
-1 0.999983 1.71804e-05
1 4.16138e-13 1
1 3.83203e-13 1
-1 1 1e-07
-1 0.960139 0.0398605
1 2.02591e-06 0.999998
1 3.38323e-06 0.999997
-1 0.85309 0.14691
1 3.14135e-09 1
1 3e-14 1
-1 0.999126 0.000873983
-1 0.999165 0.000834705
1 3e-14 1
-1 1 1e-07
1 1.3939e-12 1
1 3e-14 1
-1 0.999823 0.00017657
1 2.9132e-11 1
-1 1 1e-07
1 3e-14 1
-1 1 1e-07
1 8.61884e-14 1
1 5.59827e-14 1
1 0.261207 0.738793
1 5.26243e-14 1
1 6.24041e-11 1
1 5.6339e-12 1
1 3e-14 1
-1 0.970223 0.0297768
-1 0.988738 0.0112618
1 3e-14 1
1 2.55028e-12 1
1 5.42783e-13 1
1 1.24757e-13 1
1 6.05839e-11 1
-1 0.998175 0.00182522
1 3e-14 1
-1 0.999619 0.00038126
-1 1 1e-07
1 5.96901e-14 1
1 0.00823331 0.991767
1 8.45634e-12 1
1 4.51697e-12 1
1 0.00323121 0.996769
1 3e-14 1
1 1.97201e-10 1
1 1.27373e-05 0.999987
-1 0.972754 0.0272457
-1 1 1e-07
1 1.3365e-12 1
1 0.48876 0.51124
-1 1 1e-07
1 0.00568085 0.994319
1 3.11594e-14 1
-1 0.999984 1.60499e-05
-1 0.999226 0.000774206
1 0.00847981 0.99152
1 1.12427e-13 1
-1 1 1e-07
1 3e-14 1
1 9.33322e-14 1
1 7.53876e-14 1
1 0.00477989 0.99522
1 3.50552e-14 1
-1 1 1e-07
-1 1 1e-07
1 3.89681e-07 1
1 0.0290238 0.970976
1 1.58781e-09 1
-1 1 1e-07
1 3e-14 1
1 1.21217e-09 1
1 3e-14 1
-1 0.943646 0.0563544
1 3e-14 1
1 3e-14 1
1 0.0143911 0.985609
-1 1 1e-07
-1 0.999283 0.000716673
1 1.80814e-07 1
1 3e-14 1
1 2.29079e-13 1
1 5.4767e-09 1
1 5.77606e-13 1
1 1.25218e-13 1
-1 0.9593 0.0406997
-1 0.9997 0.000300429
1 1.90229e-13 1
1 1.15823e-13 1
-1 0.998685 0.00131467
1 3e-14 1
1 5.25284e-11 1
-1 0.998589 0.00141114
1 0.0197349 0.980265
-1 0.998772 0.0012276
1 7.14723e-06 0.999993
1 3e-14 1
-1 1 1e-07
-1 0.999977 2.32934e-05
-1 1 1e-07
-1 0.999875 0.000124601
1 1.9092e-12 1
1 3.43769e-14 1
1 4.28562e-10 1
-1 0.999081 0.000918626
1 3e-14 1
-1 0.98556 0.01444
1 6.2485e-06 0.999994
1 3e-14 1
1 3e-14 1
1 0.0154388 0.984561
-1 1 1e-07
1 1.64882e-08 1
-1 0.990145 0.0098552
1 5.0233e-11 1
1 3e-14 1
-1 1 1e-07
-1 0.981478 0.0185218
1 0.00737303 0.992627
1 6.38817e-13 1
-1 1 1e-07
-1 0.991716 0.0082838
1 2.95118e-06 0.999997
1 3.63501e-06 0.999996
-1 0.947219 0.0527814
-1 0.999325 0.000674574
1 1.3797e-12 1
1 0.0296712 0.970329
-1 0.980829 0.0191714
-1 1 1e-07
1 1.41358e-10 1
1 1.23181e-05 0.999988
1 3e-14 1
1 7.92907e-10 1
1 5.0109e-06 0.999995
-1 0.99479 0.00521008
-1 1 1e-07
1 7.2981e-06 0.999993
1 8.30677e-14 1
-1 0.9356 0.0643999
1 3e-14 1
-1 1 1e-07
1 2.40615e-12 1
-1 0.999929 7.06912e-05
1 3.34607e-14 1
1 2.33469e-13 1
1 0.00505041 0.99495
1 1.66582e-08 1
-1 0.996003 0.00399655
1 0.00615443 0.993846
-1 0.999991 8.97651e-06
-1 0.999766 0.000234374
-1 0.999851 0.0001493
1 3e-14 1
-1 0.999687 0.000312539
1 4.49236e-10 1
-1 0.997742 0.00225849
1 2.90681e-07 1
1 3.28705e-14 1
1 4.14702e-12 1
-1 0.999872 0.000127516
1 4.31567e-14 1
-1 0.998269 0.00173087
1 8.31403e-13 1
-1 0.999344 0.00065593
-1 0.999991 8.6991e-06
1 3e-14 1
1 3e-14 1
-1 0.996277 0.00372261
1 3e-14 1
1 1.15904e-11 1
1 8.21285e-11 1
1 0.00276712 0.997233
-1 0.935453 0.0645474
1 3e-14 1
-1 1 1e-07
-1 1 1e-07
1 5.76609e-11 1
-1 1 1e-07
-1 0.99992 7.95021e-05
1 0.00722065 0.992779
-1 0.999993 7.48257e-06
1 2.72406e-11 1
1 3e-14 1
1 0.00908483 0.990915
-1 0.99177 0.00822964
-1 0.999628 0.000371521
-1 1 1e-07
-1 0.983439 0.0165607
1 3e-14 1
1 0.239174 0.760826
1 3e-14 1
1 2.50398e-06 0.999997
-1 1 1e-07
1 2.72487e-12 1
1 3e-14 1
1 1.28607e-10 1
1 3e-14 1
1 9.38136e-12 1
1 2.1444e-06 0.999998
-1 0.999955 4.52797e-05
1 3e-14 1
1 0.0078345 0.992165
1 8.78054e-14 1
-1 0.993756 0.0062437
-1 0.999801 0.000199412
1 5.73462e-10 1
-1 0.509014 0.490986
1 3e-14 1
-1 0.973844 0.0261563
1 3e-14 1
1 2.31543e-13 1
-1 1 1e-07
1 2.61884e-06 0.999997
1 3e-14 1
-1 0.999861 0.000138942
1 3e-14 1
1 3e-14 1
1 7.12749e-08 1
-1 0.999108 0.000891583
1 2.17632e-08 1
-1 0.999478 0.000521628
1 6.61144e-14 1
1 2.84299e-07 1
-1 0.915294 0.0847064
1 1.85203e-11 1
1 3.70029e-13 1
1 1.23629e-12 1
1 0.0204491 0.979551
-1 0.998283 0.00171662
